0 info it worked if it ends with ok
1 verbose cli [ 'C:\\Program Files\\nodejs\\node.exe',
1 verbose cli   'C:\\Users\\Administrator\\AppData\\Roaming\\npm\\node_modules\\npm\\bin\\npm-cli.js',
1 verbose cli   'run',
1 verbose cli   'dev' ]
2 info using npm@3.10.9
3 info using node@v6.9.1
4 verbose run-script [ 'predev', 'dev', 'postdev' ]
5 info lifecycle xcl-museui@1.0.0~predev: xcl-museui@1.0.0
6 silly lifecycle xcl-museui@1.0.0~predev: no script for predev, continuing
7 info lifecycle xcl-museui@1.0.0~dev: xcl-museui@1.0.0
8 verbose lifecycle xcl-museui@1.0.0~dev: unsafe-perm in lifecycle true
9 verbose lifecycle xcl-museui@1.0.0~dev: PATH: C:\Users\Administrator\AppData\Roaming\npm\node_modules\.npm_npminstall\npm\3.10.9\npm\bin\node-gyp-bin;D:\WorkSpace\xcl-museui\node_modules\.bin;D:\Tools\cmder_mini\bin;C:\Program Files (x86)\Git\bin;C:\Program Files (x86)\Git\usr\bin;C:\Program Files (x86)\Git\share\vim\vim74;D:\Tools\cmder_mini\vendor\conemu-maximus5;D:\Tools\cmder_mini\vendor\conemu-maximus5\ConEmu;C:\Program Files (x86)\Common Files\NetSarang;C:\Windows\system32;C:\Windows;C:\Windows\System32\Wbem;C:\Windows\System32\WindowsPowerShell\v1.0\;C:\Program Files\Java\jdk1.7.0_67\bin;C:\Program Files\Java\jdk1.7.0_67\jre\bin;C:\Program Files (x86)\Microsoft SQL Server\100\Tools\Binn\;C:\Program Files\Microsoft SQL Server\100\Tools\Binn\;C:\Program Files\Microsoft SQL Server\100\DTS\Binn\;C:\Program Files (x86)\Git\bin;C:\Program Files\TortoiseSVN\bin;C:\Program Files\Sublime Text 3\;D:\Works\dev_tools\CDTools\WebCDTools\bin\Debug\ant\bin;C:\Program Files\TortoiseSVN\bin;C:\Program Files (x86)\MacType;C:\Program Files\nodejs\;C:\Program Files (x86)\Microsoft VS Code\bin;C:\Users\Administrator\AppData\Roaming\npm;D:\Tools\cmder_mini
10 verbose lifecycle xcl-museui@1.0.0~dev: CWD: D:\WorkSpace\xcl-museui
11 silly lifecycle xcl-museui@1.0.0~dev: Args: [ '/d /s /c', 'node build/dev-server.js' ]
12 verbose stack Error: kill ENOSYS
12 verbose stack     at exports._errnoException (util.js:1026:11)
12 verbose stack     at process.kill (internal/process.js:172:13)
12 verbose stack     at process.listener (C:\Users\Administrator\AppData\Roaming\npm\node_modules\.npm_npminstall\npm\3.10.9\npm\node_modules\npmlog\node_modules\gauge\node_modules\signal-exit\index.js:86:15)
12 verbose stack     at emitNone (events.js:91:20)
12 verbose stack     at process.emit (events.js:185:7)
12 verbose stack     at processEmit (C:\Users\Administrator\AppData\Roaming\npm\node_modules\.npm_npminstall\npm\3.10.9\npm\node_modules\npmlog\node_modules\gauge\node_modules\signal-exit\index.js:146:32)
12 verbose stack     at processEmit (C:\Users\Administrator\AppData\Roaming\npm\node_modules\.npm_npminstall\npm\3.10.9\npm\node_modules\npm-registry-client\node_modules\npmlog\node_modules\gauge\node_modules\signal-exit\index.js:146:32)
12 verbose stack     at Signal.wrap.onsignal (internal/process.js:199:44)
13 verbose cwd D:\WorkSpace\xcl-museui\dist
14 error Windows_NT 6.1.7601
15 error argv "C:\\Program Files\\nodejs\\node.exe" "C:\\Users\\Administrator\\AppData\\Roaming\\npm\\node_modules\\npm\\bin\\npm-cli.js" "run" "dev"
16 error node v6.9.1
17 error npm  v3.10.9
18 error code ENOSYS
19 error errno ENOSYS
20 error syscall kill
21 error kill ENOSYS
22 error If you need help, you may report this error at:
22 error     <https://github.com/npm/npm/issues>
23 verbose exit [ 1, true ]
